Flow report for vga_colorbar
Fri Apr 21 18:39:12 2023
Quartus II 64-Bit Version 13.0.0 Build 156 04/24/2013 SJ Full Version


---------------------
; Table of Contents ;
---------------------
  1. Legal Notice
  2. Flow Summary
  3. Flow Settings
  4. Flow Non-Default Global Settings
  5. Flow Elapsed Time
  6. Flow OS Summary
  7. Flow Log
  8. Flow Messages
  9. Flow Suppressed Messages



----------------
; Legal Notice ;
----------------
Copyright (C) 1991-2013 Altera Corporation
Your use of Altera Corporation's design tools, logic functions 
and other software and tools, and its AMPP partner logic 
functions, and any output files from any of the foregoing 
(including device programming or simulation files), and any 
associated documentation or information are expressly subject 
to the terms and conditions of the Altera Program License 
Subscription Agreement, Altera MegaCore Function License 
Agreement, or other applicable license agreement, including, 
without limitation, that your use is for the sole purpose of 
programming logic devices manufactured by Altera and sold by 
Altera or its authorized distributors.  Please refer to the 
applicable agreement for further details.



+----------------------------------------------------------------------------------+
; Flow Summary                                                                     ;
+------------------------------------+---------------------------------------------+
; Flow Status                        ; Successful - Fri Apr 21 18:39:10 2023       ;
; Quartus II 64-Bit Version          ; 13.0.0 Build 156 04/24/2013 SJ Full Version ;
; Revision Name                      ; vga_colorbar                                ;
; Top-level Entity Name              ; vga_colorbar_top                            ;
; Family                             ; Cyclone II                                  ;
; Device                             ; EP2C35F672C6                                ;
; Timing Models                      ; Final                                       ;
; Total logic elements               ; 1,990 / 33,216 ( 6 % )                      ;
;     Total combinational functions  ; 936 / 33,216 ( 3 % )                        ;
;     Dedicated logic registers      ; 1,683 / 33,216 ( 5 % )                      ;
; Total registers                    ; 1683                                        ;
; Total pins                         ; 36 / 475 ( 8 % )                            ;
; Total virtual pins                 ; 0                                           ;
; Total memory bits                  ; 367,616 / 483,840 ( 76 % )                  ;
; Embedded Multiplier 9-bit elements ; 0 / 70 ( 0 % )                              ;
; Total PLLs                         ; 0 / 4 ( 0 % )                               ;
+------------------------------------+---------------------------------------------+


+-----------------------------------------+
; Flow Settings                           ;
+-------------------+---------------------+
; Option            ; Setting             ;
+-------------------+---------------------+
; Start date & time ; 04/21/2023 18:38:56 ;
; Main task         ; Compilation         ;
; Revision Name     ; vga_colorbar        ;
+-------------------+---------------------+


+--------------------------------------------------------------------------------------------------------------------------------------------------------------------------------------------------------------------------------------------------------------------------------------------------------------------------------------------------------------------------------------------------------------------------------------------------------------+
; Flow Non-Default Global Settings                                                                                                                                                                                                                                                                                                                                                                                                                             ;
+-------------------------------------+------------------------------------------------------------------------------------------------------------------------------------------------------------------------------------------------------------------------------------------------------------------------------------------------------------------------------------------------------------------+---------------+------------------+------------------+
; Assignment Name                     ; Value                                                                                                                                                                                                                                                                                                                                                            ; Default Value ; Entity Name      ; Section Id       ;
+-------------------------------------+------------------------------------------------------------------------------------------------------------------------------------------------------------------------------------------------------------------------------------------------------------------------------------------------------------------------------------------------------------------+---------------+------------------+------------------+
; COMPILER_SIGNATURE_ID               ; 198516029817897.168207353629000                                                                                                                                                                                                                                                                                                                                  ; --            ; --               ; --               ;
; ENABLE_SIGNALTAP                    ; On                                                                                                                                                                                                                                                                                                                                                               ; --            ; --               ; --               ;
; IP_TOOL_NAME                        ; ALTPLL                                                                                                                                                                                                                                                                                                                                                           ; --            ; --               ; --               ;
; IP_TOOL_NAME                        ; ROM: 1-PORT                                                                                                                                                                                                                                                                                                                                                      ; --            ; --               ; --               ;
; IP_TOOL_VERSION                     ; 13.0                                                                                                                                                                                                                                                                                                                                                             ; --            ; --               ; --               ;
; IP_TOOL_VERSION                     ; 13.0                                                                                                                                                                                                                                                                                                                                                             ; --            ; --               ; --               ;
; MAX_CORE_JUNCTION_TEMP              ; 85                                                                                                                                                                                                                                                                                                                                                               ; --            ; --               ; --               ;
; MIN_CORE_JUNCTION_TEMP              ; 0                                                                                                                                                                                                                                                                                                                                                                ; --            ; --               ; --               ;
; MISC_FILE                           ; ../src/ccd97_pll2_inst.v                                                                                                                                                                                                                                                                                                                                         ; --            ; --               ; --               ;
; MISC_FILE                           ; ../src/ccd97_pll2_bb.v                                                                                                                                                                                                                                                                                                                                           ; --            ; --               ; --               ;
; MISC_FILE                           ; ../src/ccd97_pll2.ppf                                                                                                                                                                                                                                                                                                                                            ; --            ; --               ; --               ;
; MISC_FILE                           ; ip_inst.v                                                                                                                                                                                                                                                                                                                                                        ; --            ; --               ; --               ;
; MISC_FILE                           ; ip_bb.v                                                                                                                                                                                                                                                                                                                                                          ; --            ; --               ; --               ;
; PARTITION_COLOR                     ; 16764057                                                                                                                                                                                                                                                                                                                                                         ; --            ; vga_colorbar_top ; Top              ;
; PARTITION_FITTER_PRESERVATION_LEVEL ; PLACEMENT_AND_ROUTING                                                                                                                                                                                                                                                                                                                                            ; --            ; vga_colorbar_top ; Top              ;
; PARTITION_NETLIST_TYPE              ; SOURCE                                                                                                                                                                                                                                                                                                                                                           ; --            ; vga_colorbar_top ; Top              ;
; PROJECT_OUTPUT_DIRECTORY            ; output_files                                                                                                                                                                                                                                                                                                                                                     ; --            ; --               ; --               ;
; SLD_FILE                            ; D:/altera/project/earnmoney/snake_game/VGA_driver/VGA_experiment/prj/output_files/stp1_auto_stripped.stp                                                                                                                                                                                                                                                         ; --            ; --               ; --               ;
; SLD_NODE_CREATOR_ID                 ; 110                                                                                                                                                                                                                                                                                                                                                              ; --            ; --               ; auto_signaltap_0 ;
; SLD_NODE_ENTITY_NAME                ; sld_signaltap                                                                                                                                                                                                                                                                                                                                                    ; --            ; --               ; auto_signaltap_0 ;
; SLD_NODE_PARAMETER_ASSIGNMENT       ; SLD_NODE_INFO=805334528                                                                                                                                                                                                                                                                                                                                          ; --            ; --               ; auto_signaltap_0 ;
; SLD_NODE_PARAMETER_ASSIGNMENT       ; SLD_POWER_UP_TRIGGER=0                                                                                                                                                                                                                                                                                                                                           ; --            ; --               ; auto_signaltap_0 ;
; SLD_NODE_PARAMETER_ASSIGNMENT       ; SLD_STORAGE_QUALIFIER_INVERSION_MASK_LENGTH=0                                                                                                                                                                                                                                                                                                                    ; --            ; --               ; auto_signaltap_0 ;
; SLD_NODE_PARAMETER_ASSIGNMENT       ; SLD_SEGMENT_SIZE=1024                                                                                                                                                                                                                                                                                                                                            ; --            ; --               ; auto_signaltap_0 ;
; SLD_NODE_PARAMETER_ASSIGNMENT       ; SLD_ATTRIBUTE_MEM_MODE=OFF                                                                                                                                                                                                                                                                                                                                       ; --            ; --               ; auto_signaltap_0 ;
; SLD_NODE_PARAMETER_ASSIGNMENT       ; SLD_STATE_FLOW_USE_GENERATED=0                                                                                                                                                                                                                                                                                                                                   ; --            ; --               ; auto_signaltap_0 ;
; SLD_NODE_PARAMETER_ASSIGNMENT       ; SLD_STATE_BITS=11                                                                                                                                                                                                                                                                                                                                                ; --            ; --               ; auto_signaltap_0 ;
; SLD_NODE_PARAMETER_ASSIGNMENT       ; SLD_BUFFER_FULL_STOP=1                                                                                                                                                                                                                                                                                                                                           ; --            ; --               ; auto_signaltap_0 ;
; SLD_NODE_PARAMETER_ASSIGNMENT       ; SLD_CURRENT_RESOURCE_WIDTH=1                                                                                                                                                                                                                                                                                                                                     ; --            ; --               ; auto_signaltap_0 ;
; SLD_NODE_PARAMETER_ASSIGNMENT       ; SLD_TRIGGER_LEVEL=1                                                                                                                                                                                                                                                                                                                                              ; --            ; --               ; auto_signaltap_0 ;
; SLD_NODE_PARAMETER_ASSIGNMENT       ; SLD_SAMPLE_DEPTH=1024                                                                                                                                                                                                                                                                                                                                            ; --            ; --               ; auto_signaltap_0 ;
; SLD_NODE_PARAMETER_ASSIGNMENT       ; SLD_TRIGGER_IN_ENABLED=0                                                                                                                                                                                                                                                                                                                                         ; --            ; --               ; auto_signaltap_0 ;
; SLD_NODE_PARAMETER_ASSIGNMENT       ; SLD_ADVANCED_TRIGGER_ENTITY=basic,1,                                                                                                                                                                                                                                                                                                                             ; --            ; --               ; auto_signaltap_0 ;
; SLD_NODE_PARAMETER_ASSIGNMENT       ; SLD_TRIGGER_LEVEL_PIPELINE=1                                                                                                                                                                                                                                                                                                                                     ; --            ; --               ; auto_signaltap_0 ;
; SLD_NODE_PARAMETER_ASSIGNMENT       ; SLD_ENABLE_ADVANCED_TRIGGER=0                                                                                                                                                                                                                                                                                                                                    ; --            ; --               ; auto_signaltap_0 ;
; SLD_NODE_PARAMETER_ASSIGNMENT       ; SLD_DATA_BITS=103                                                                                                                                                                                                                                                                                                                                                ; --            ; --               ; auto_signaltap_0 ;
; SLD_NODE_PARAMETER_ASSIGNMENT       ; SLD_TRIGGER_BITS=103                                                                                                                                                                                                                                                                                                                                             ; --            ; --               ; auto_signaltap_0 ;
; SLD_NODE_PARAMETER_ASSIGNMENT       ; SLD_INVERSION_MASK=000000000000000000000000000000000000000000000000000000000000000000000000000000000000000000000000000000000000000000000000000000000000000000000000000000000000000000000000000000000000000000000000000000000000000000000000000000000000000000000000000000000000000000000000000000000000000000000000000000000000000000000000000000000000000000000 ; --            ; --               ; auto_signaltap_0 ;
; SLD_NODE_PARAMETER_ASSIGNMENT       ; SLD_INVERSION_MASK_LENGTH=333                                                                                                                                                                                                                                                                                                                                    ; --            ; --               ; auto_signaltap_0 ;
; SLD_NODE_PARAMETER_ASSIGNMENT       ; SLD_NODE_CRC_HIWORD=23168                                                                                                                                                                                                                                                                                                                                        ; --            ; --               ; auto_signaltap_0 ;
; SLD_NODE_PARAMETER_ASSIGNMENT       ; SLD_NODE_CRC_LOWORD=9470                                                                                                                                                                                                                                                                                                                                         ; --            ; --               ; auto_signaltap_0 ;
; TOP_LEVEL_ENTITY                    ; vga_colorbar_top                                                                                                                                                                                                                                                                                                                                                 ; vga_colorbar  ; --               ; --               ;
; USE_SIGNALTAP_FILE                  ; output_files/stp1.stp                                                                                                                                                                                                                                                                                                                                            ; --            ; --               ; --               ;
+-------------------------------------+------------------------------------------------------------------------------------------------------------------------------------------------------------------------------------------------------------------------------------------------------------------------------------------------------------------------------------------------------------------+---------------+------------------+------------------+


+-------------------------------------------------------------------------------------------------------------------------------+
; Flow Elapsed Time                                                                                                             ;
+---------------------------+--------------+-------------------------+---------------------+------------------------------------+
; Module Name               ; Elapsed Time ; Average Processors Used ; Peak Virtual Memory ; Total CPU Time (on all processors) ;
+---------------------------+--------------+-------------------------+---------------------+------------------------------------+
; Analysis & Synthesis      ; 00:00:04     ; 1.0                     ; 4698 MB             ; 00:00:04                           ;
; Fitter                    ; 00:00:06     ; 2.7                     ; 5713 MB             ; 00:00:10                           ;
; Assembler                 ; 00:00:01     ; 1.0                     ; 4576 MB             ; 00:00:02                           ;
; TimeQuest Timing Analyzer ; 00:00:01     ; 1.0                     ; 4623 MB             ; 00:00:01                           ;
; Total                     ; 00:00:12     ; --                      ; --                  ; 00:00:17                           ;
+---------------------------+--------------+-------------------------+---------------------+------------------------------------+


+----------------------------------------------------------------------------------------+
; Flow OS Summary                                                                        ;
+---------------------------+------------------+-----------+------------+----------------+
; Module Name               ; Machine Hostname ; OS Name   ; OS Version ; Processor type ;
+---------------------------+------------------+-----------+------------+----------------+
; Analysis & Synthesis      ; LAPTOP-RCKDC97B  ; Windows 7 ; 6.2        ; x86_64         ;
; Fitter                    ; LAPTOP-RCKDC97B  ; Windows 7 ; 6.2        ; x86_64         ;
; Assembler                 ; LAPTOP-RCKDC97B  ; Windows 7 ; 6.2        ; x86_64         ;
; TimeQuest Timing Analyzer ; LAPTOP-RCKDC97B  ; Windows 7 ; 6.2        ; x86_64         ;
+---------------------------+------------------+-----------+------------+----------------+


------------
; Flow Log ;
------------
quartus_map --read_settings_files=on --write_settings_files=off vga_colorbar -c vga_colorbar
quartus_fit --read_settings_files=off --write_settings_files=off vga_colorbar -c vga_colorbar
quartus_asm --read_settings_files=off --write_settings_files=off vga_colorbar -c vga_colorbar
quartus_sta vga_colorbar -c vga_colorbar



